
2015-06-17total: 14.5
2015-06-17total: 14.5
2015-06-18total: 16.5
2015-06-19total: 18.5
2015-06-20total: 20.5
2015-06-21total: 22.5
2015-06-22total: 24.5
2015-06-23total: 46.5
2015-06-24total: 19.5
2015-06-25total: 41.5
2015-06-26total: 43.5
2015-06-27total: 45.5
2015-06-28total: 47.5
2015-06-29total: 49.5
2015-06-30total: 51.5
2015-07-01total: 53.5
2015-07-02total: 55.5
2015-07-03total: 57.5
2015-07-04total: 59.5
2015-07-05total: 61.5
2015-07-06total: 4.5
2015-07-07total: 6.5
2015-07-08total: 8.5
2015-07-09total: 10.5
2015-07-10total: 12.5
2015-07-11total: 14.5
2015-07-12total: 16.5
